<?xml version="1.0" encoding="UTF-8"?>
<!-- Generated by org.testng.reporters.JUnitReportReporter -->
<testsuite hostname="NACTS-081729" name="automationFramework.TestCases.ApiCreateAccount" tests="1" failures="0" timestamp="11 Oct 2016 16:27:13 GMT" time="1.719" errors="0">
  <testcase name="ApiPostSuccess" time="1.719" classname="automationFramework.TestCases.ApiCreateAccount"/>
</testsuite> <!-- automationFramework.TestCases.ApiCreateAccount -->
